# JRE version: Java(TM) SE Runtime Environment (18.0.1+10) (build 18.0.1+10-24)
# Java VM: Java HotSpot(TM) 64-Bit Server VM (18.0.1+10-24, mixed mode, sharing, tiered, compressed oops, compressed class ptrs, g1 gc, windows-amd64)
GC Precious Log:
 CardTable entry size: 512
 Card Set container configuration: InlinePtr #cards 5 size 8 Array Of Cards #cards 12 size 40 Howl #buckets 4 coarsen threshold 1843 Howl Bitmap #cards 512 size 80 coarsen threshold 460 Card regions per heap region 1 cards per card region 2048
 CPUs: 2 total, 2 available
 Memory: 8073M
 Large Page Support: Disabled
 NUMA Support: Disabled
 Compressed Oops: Enabled (32-bit)
 Heap Region Size: 1M
 Heap Min Capacity: 8M
 Heap Initial Capacity: 128M
 Heap Max Capacity: 2020M
 Pre-touch: Disabled
 Parallel Workers: 2
 Concurrent Workers: 1
 Concurrent Refinement Workers: 2
 Periodic GC: Disabled
Heap:
 garbage-first heap   total 58368K, used 30474K [0x0000000081c00000, 0x0000000100000000)
  region size 1024K, 7 young (7168K), 1 survivors (1024K)
 Metaspace       used 54895K, committed 55424K, reserved 1114112K
  class space    used 7172K, committed 7424K, reserved 1048576K
GC Heap History (20 events):
Event: 3.379 GC heap before
{Heap before GC invocations=3 (full 0):
 garbage-first heap   total 131072K, used 47631K [0x0000000081c00000, 0x0000000100000000)
  region size 1024K, 43 young (44032K), 2 survivors (2048K)
 Metaspace       used 15631K, committed 15872K, reserved 1114112K
  class space    used 1856K, committed 1984K, reserved 1048576K
}
Event: 3.393 GC heap after
{Heap after GC invocations=4 (full 0):
 garbage-first heap   total 131072K, used 9866K [0x0000000081c00000, 0x0000000100000000)
  region size 1024K, 5 young (5120K), 5 survivors (5120K)
 Metaspace       used 15631K, committed 15872K, reserved 1114112K
  class space    used 1856K, committed 1984K, reserved 1048576K
}
Event: 6.193 GC heap before
{Heap before GC invocations=4 (full 0):
 garbage-first heap   total 131072K, used 49802K [0x0000000081c00000, 0x0000000100000000)
  region size 1024K, 46 young (47104K), 5 survivors (5120K)
 Metaspace       used 21232K, committed 21504K, reserved 1114112K
  class space    used 2554K, committed 2688K, reserved 1048576K
}
Event: 6.212 GC heap after
{Heap after GC invocations=5 (full 0):
 garbage-first heap   total 131072K, used 12874K [0x0000000081c00000, 0x0000000100000000)
  region size 1024K, 4 young (4096K), 4 survivors (4096K)
 Metaspace       used 21232K, committed 21504K, reserved 1114112K
  class space    used 2554K, committed 2688K, reserved 1048576K
}
Event: 7.613 GC heap before
{Heap before GC invocations=6 (full 0):
 garbage-first heap   total 48128K, used 37450K [0x0000000081c00000, 0x0000000100000000)
  region size 1024K, 28 young (28672K), 4 survivors (4096K)
 Metaspace       used 26339K, committed 26688K, reserved 1114112K
  class space    used 3223K, committed 3392K, reserved 1048576K
}
Event: 7.629 GC heap after
{Heap after GC invocations=7 (full 0):
 garbage-first heap   total 48128K, used 15484K [0x0000000081c00000, 0x0000000100000000)
  region size 1024K, 3 young (3072K), 3 survivors (3072K)
 Metaspace       used 26339K, committed 26688K, reserved 1114112K
  class space    used 3223K, committed 3392K, reserved 1048576K
}
Event: 8.542 GC heap before
{Heap before GC invocations=7 (full 0):
 garbage-first heap   total 48128K, used 33916K [0x0000000081c00000, 0x0000000100000000)
  region size 1024K, 21 young (21504K), 3 survivors (3072K)
 Metaspace       used 29835K, committed 30144K, reserved 1114112K
  class space    used 3688K, committed 3840K, reserved 1048576K
}
Event: 8.552 GC heap after
{Heap after GC invocations=8 (full 0):
 garbage-first heap   total 48128K, used 16734K [0x0000000081c00000, 0x0000000100000000)
  region size 1024K, 2 young (2048K), 2 survivors (2048K)
 Metaspace       used 29835K, committed 30144K, reserved 1114112K
  class space    used 3688K, committed 3840K, reserved 1048576K
}
Event: 9.710 GC heap before
{Heap before GC invocations=8 (full 0):
 garbage-first heap   total 48128K, used 34142K [0x0000000081c00000, 0x0000000100000000)
  region size 1024K, 20 young (20480K), 2 survivors (2048K)
 Metaspace       used 35637K, committed 35968K, reserved 1114112K
  class space    used 4565K, committed 4736K, reserved 1048576K
}
Event: 9.717 GC heap after
{Heap after GC invocations=9 (full 0):
 garbage-first heap   total 58368K, used 17618K [0x0000000081c00000, 0x0000000100000000)
  region size 1024K, 3 young (3072K), 3 survivors (3072K)
 Metaspace       used 35637K, committed 35968K, reserved 1114112K
  class space    used 4565K, committed 4736K, reserved 1048576K
}
Event: 11.730 GC heap before
{Heap before GC invocations=10 (full 0):
 garbage-first heap   total 58368K, used 42194K [0x0000000081c00000, 0x0000000100000000)
  region size 1024K, 28 young (28672K), 3 survivors (3072K)
 Metaspace       used 42501K, committed 42944K, reserved 1114112K
  class space    used 5650K, committed 5888K, reserved 1048576K
}
Event: 11.741 GC heap after
{Heap after GC invocations=11 (full 0):
 garbage-first heap   total 58368K, used 19291K [0x0000000081c00000, 0x0000000100000000)
  region size 1024K, 3 young (3072K), 3 survivors (3072K)
 Metaspace       used 42501K, committed 42944K, reserved 1114112K
  class space    used 5650K, committed 5888K, reserved 1048576K
}
Event: 13.232 GC heap before
{Heap before GC invocations=11 (full 0):
 garbage-first heap   total 58368K, used 43867K [0x0000000081c00000, 0x0000000100000000)
  region size 1024K, 28 young (28672K), 3 survivors (3072K)
 Metaspace       used 46831K, committed 47296K, reserved 1114112K
  class space    used 6232K, committed 6464K, reserved 1048576K
}
Event: 13.244 GC heap after
{Heap after GC invocations=12 (full 0):
 garbage-first heap   total 58368K, used 21173K [0x0000000081c00000, 0x0000000100000000)
  region size 1024K, 4 young (4096K), 4 survivors (4096K)
 Metaspace       used 46831K, committed 47296K, reserved 1114112K
  class space    used 6232K, committed 6464K, reserved 1048576K
}
Event: 13.829 GC heap before
{Heap before GC invocations=12 (full 0):
 garbage-first heap   total 58368K, used 44725K [0x0000000081c00000, 0x0000000100000000)
  region size 1024K, 27 young (27648K), 4 survivors (4096K)
 Metaspace       used 47557K, committed 48000K, reserved 1114112K
  class space    used 6327K, committed 6528K, reserved 1048576K
}
Event: 13.843 GC heap after
{Heap after GC invocations=13 (full 0):
 garbage-first heap   total 58368K, used 22364K [0x0000000081c00000, 0x0000000100000000)
  region size 1024K, 3 young (3072K), 3 survivors (3072K)
 Metaspace       used 47557K, committed 48000K, reserved 1114112K
  class space    used 6327K, committed 6528K, reserved 1048576K
}
Event: 46.271 GC heap before
{Heap before GC invocations=13 (full 0):
 garbage-first heap   total 58368K, used 45916K [0x0000000081c00000, 0x0000000100000000)
  region size 1024K, 26 young (26624K), 3 survivors (3072K)
 Metaspace       used 50809K, committed 51328K, reserved 1114112K
  class space    used 6735K, committed 6976K, reserved 1048576K
}
Event: 46.289 GC heap after
{Heap after GC invocations=14 (full 0):
 garbage-first heap   total 58368K, used 24764K [0x0000000081c00000, 0x0000000100000000)
  region size 1024K, 4 young (4096K), 4 survivors (4096K)
 Metaspace       used 50809K, committed 51328K, reserved 1114112K
  class space    used 6735K, committed 6976K, reserved 1048576K
}
Event: 359.722 GC heap before
{Heap before GC invocations=14 (full 0):
 garbage-first heap   total 58368K, used 44220K [0x0000000081c00000, 0x0000000100000000)
  region size 1024K, 24 young (24576K), 4 survivors (4096K)
 Metaspace       used 54877K, committed 55360K, reserved 1114112K
  class space    used 7172K, committed 7424K, reserved 1048576K
}
Event: 359.733 GC heap after
{Heap after GC invocations=15 (full 0):
 garbage-first heap   total 58368K, used 25354K [0x0000000081c00000, 0x0000000100000000)
  region size 1024K, 1 young (1024K), 1 survivors (1024K)
 Metaspace       used 54877K, committed 55360K, reserved 1114112K
  class space    used 7172K, committed 7424K, reserved 1048576K
}

